<?xml version="1.0" encoding="UTF-8"?>
<!-- Generated by org.testng.reporters.JUnitReportReporter -->
<testsuite hostname="LAPTOP-G5AM45TG" failures="0" tests="20" name="api.tests.DDTests" time="47.076" errors="0" timestamp="2024-10-04T02:35:03 NPT" skipped="0">
  <testcase classname="api.tests.DDTests" name="testPostuser" time="1.992"/>
  <testcase classname="api.tests.DDTests" name="testPostuser" time="1.534"/>
  <testcase classname="api.tests.DDTests" name="testPostuser" time="1.940"/>
  <testcase classname="api.tests.DDTests" name="testPostuser" time="1.739"/>
  <testcase classname="api.tests.DDTests" name="testPostuser" time="4.457"/>
  <testcase classname="api.tests.DDTests" name="testGetUserByName" time="1.781"/>
  <testcase classname="api.tests.DDTests" name="testGetUserByName" time="1.937"/>
  <testcase classname="api.tests.DDTests" name="testGetUserByName" time="1.770"/>
  <testcase classname="api.tests.DDTests" name="testGetUserByName" time="1.833"/>
  <testcase classname="api.tests.DDTests" name="testGetUserByName" time="1.815"/>
  <testcase classname="api.tests.DDTests" name="testUpdateByUser" time="3.480"/>
  <testcase classname="api.tests.DDTests" name="testUpdateByUser" time="3.382"/>
  <testcase classname="api.tests.DDTests" name="testUpdateByUser" time="3.203"/>
  <testcase classname="api.tests.DDTests" name="testUpdateByUser" time="4.460"/>
  <testcase classname="api.tests.DDTests" name="testUpdateByUser" time="3.961"/>
  <testcase classname="api.tests.DDTests" name="testDeleteUserByName" time="1.276"/>
  <testcase classname="api.tests.DDTests" name="testDeleteUserByName" time="1.952"/>
  <testcase classname="api.tests.DDTests" name="testDeleteUserByName" time="1.469"/>
  <testcase classname="api.tests.DDTests" name="testDeleteUserByName" time="1.635"/>
  <testcase classname="api.tests.DDTests" name="testDeleteUserByName" time="1.460"/>
</testsuite> <!-- api.tests.DDTests -->
