<?xml version="1.0" encoding="UTF-8"?>
<!-- Generated by org.testng.reporters.JUnitReportReporter -->
<testsuite hostname="LAPTOP-G5AM45TG" failures="0" tests="4" name="api.tests.UserTests" time="10.969" errors="0" timestamp="2024-10-04T12:27:31 NPT" skipped="0">
  <testcase classname="api.tests.UserTests" name="testPostUser" time="3.749"/>
  <testcase classname="api.tests.UserTests" name="testGetUserByName" time="2.008"/>
  <testcase classname="api.tests.UserTests" name="testUpdateUserByName" time="3.578"/>
  <testcase classname="api.tests.UserTests" name="testDeleteUserByName" time="1.634"/>
</testsuite> <!-- api.tests.UserTests -->
