<?xml version="1.0" encoding="UTF-8"?>
<!-- Generated by org.testng.reporters.JUnitReportReporter -->
<testsuite hostname="LAPTOP-G5AM45TG" failures="0" tests="4" name="api.tests.UserTests2" time="13.825" errors="0" timestamp="2024-12-17T17:06:00 NPT" skipped="0">
  <testcase classname="api.tests.UserTests2" name="testPostUser" time="5.137"/>
  <testcase classname="api.tests.UserTests2" name="testGetUserByName" time="2.189"/>
  <testcase classname="api.tests.UserTests2" name="testUpdateUserByName" time="4.506"/>
  <testcase classname="api.tests.UserTests2" name="testDeleteUserByName" time="1.993"/>
</testsuite> <!-- api.tests.UserTests2 -->
