<?xml version="1.0" encoding="UTF-8"?>
<!-- Generated by org.testng.reporters.JUnitReportReporter -->
<testsuite hostname="LAPTOP-G5AM45TG" failures="0" tests="4" name="api.tests.UserTests2" time="8.948" errors="0" timestamp="2024-12-19T16:15:39 NPT" skipped="0">
  <testcase classname="api.tests.UserTests2" name="testPostUser" time="3.559"/>
  <testcase classname="api.tests.UserTests2" name="testGetUserByName" time="1.276"/>
  <testcase classname="api.tests.UserTests2" name="testUpdateUserByName" time="2.682"/>
  <testcase classname="api.tests.UserTests2" name="testDeleteUserByName" time="1.431"/>
</testsuite> <!-- api.tests.UserTests2 -->
